############
#####  *. ##
###   #$#. #
##   .$@$. #
##.* $ #   #
##.#$$  #  #
#    ##$####
####### ####
#####  .####
############
Dead end detection on for solution of level 10_8_2022319_155042
(1,5) (1,9) (2,3) (2,10) (3,2) (3,10) (4,8) (4,10) (5,7) (5,9) (5,10) (6,1) (6,2) (6,3) (6,4) (8,5)
length 26 soln is [(3, 7, 'l'), (3, 7, 'r'), (4, 9, 'u'), (5, 7, 'd'), (6, 7, 'd'), (3, 6, 'l'), (1, 6, 'r'), (3, 7, 'u'), (6, 4, 'u'), (3, 3, 'r'), (3, 4, 'r'), (5, 4, 'u'), (3, 5, 'r'), (5, 6, 'l'), (6, 4, 'u'), (3, 6, 'r'), (3, 5, 'l'), (5, 4, 'u'), (4, 4, 'l'), (2, 3, 'd'), (3, 2, 'd'), (3, 5, 'l'), (4, 4, 'l'), (5, 5, 'u'), (3, 7, 'r'), (2, 3, 'd')]
Time consumed: 27.522 seconds using fa2 and exploring 51066 states
150 moves
lrrdr ullld drddu uluul uurrl lddrr udllu lldld ddrru dlluu urrrl llddd rruud dlluu ururr drddl ruulu lldld ddrru rruur lllrr ddllu lrdrr uulul ldldu rurrd ldlrd rurur rlldl luuld
###########
####.$ ####
#### # ####
###.*  ####
#  #$# # ##
#    $.*. #
#   ## # ##
###$   ####
###@# #####
###########
Dead end detection on for solution of level 10_8_2022319_163720
(1,6) (4,1) (4,2) (4,8) (5,1) (5,9) (6,1) (6,8) (7,6) (8,3) (8,5)
length 19 soln is [(8, 3, 'u'), (1, 6, 'l'), (3, 5, 'l'), (5, 6, 'l'), (5, 5, 'l'), (5, 4, 'u'), (5, 4, 'l'), (7, 3, 'u'), (5, 6, 'r'), (4, 2, 'd'), (6, 1, 'r'), (5, 2, 'r'), (5, 3, 'r'), (5, 4, 'r'), (5, 5, 'r'), (7, 3, 'u'), (5, 2, 'r'), (5, 3, 'r'), (5, 4, 'r')]
Time consumed: 0.171 seconds using fa2 and exploring 499 states
73 moves
urrru uuuuu lrddl lrrdd lludl rrrdd lllud rrruu rlddl llull uurdl drurr rrddl llulu rrr
##########
###@$.. ##
###$#.$  #
# .*  #  #
### # $  #
### # $# #
##### .$.#
#######  #
#######  #
##########
Dead end detection on for solution of level 10_8_2022319_164526
(1,3) (1,7) (2,8) (3,1) (5,3) (6,5) (8,7) (8,8)
length 17 soln is [(1, 3, 'r'), (1, 4, 'r'), (3, 4, 'l'), (4, 5, 'r'), (4, 6, 'r'), (1, 3, 'd'), (2, 7, 'l'), (3, 5, 'u'), (6, 6, 'u'), (4, 7, 'l'), (5, 5, 'u'), (4, 5, 'u'), (3, 8, 'd'), (4, 8, 'd'), (5, 8, 'd'), (6, 8, 'l'), (8, 8, 'u')]
Time consumed: 0.165 seconds using fa2 and exploring 438 states
69 moves
rrddl lrrdr rlluu ulldu rrddd rruul rddll uuddd drulu uurrd dldlu udrru rdddl ddru
#########
#  ###  #
## #### #
#      .#
## $#$# #
##  $.. #
#@$ #* ##
###  .  #
####    #
####### #
#########
Dead end detection on for solution of level 10_9_2022319_15150
(1,1) (1,2) (1,6) (1,7) (3,1) (5,7) (6,1) (7,3) (7,7) (8,4) (8,7) (9,7)
length 14 soln is [(6, 1, 'r'), (5, 3, 'u'), (5, 3, 'r'), (5, 4, 'r'), (5, 5, 'd'), (7, 3, 'u'), (3, 2, 'r'), (3, 3, 'r'), (3, 4, 'r'), (3, 5, 'd'), (4, 5, 'd'), (5, 2, 'r'), (5, 3, 'r'), (3, 5, 'r')]
Time consumed: 0.037 seconds using fa2 and exploring 88 states
40 moves
rurud rrdrd dllul uluuu rrrdd uulld ldrrl uurrr
########
#.# ####
# # ####
# # ####
# # ####
#   ####
#.   $@#
# #$$###
#  .  ##
## .$  #
##  # ##
########
Dead end detection on for solution of level 8_10_2022319_153352
(1,3) (6,6) (8,1) (8,5) (9,6) (10,2) (10,3) (10,5)
length 17 soln is [(6, 6, 'l'), (6, 5, 'l'), (6, 4, 'l'), (9, 5, 'l'), (6, 3, 'l'), (6, 4, 'd'), (7, 4, 'd'), (7, 1, 'u'), (6, 1, 'u'), (5, 1, 'u'), (8, 3, 'u'), (4, 1, 'u'), (3, 1, 'u'), (6, 4, 'l'), (10, 3, 'u'), (6, 3, 'l'), (9, 5, 'l')]
Time consumed: 0.114 seconds using fa2 and exploring 289 states
89 moves
lllul ldddr rrrdl ulllu uurrd lrrdd llluu uuddd drrud lluuu uuudd ddddr rurul ddldd rulul uuurr dlrdr drdl
##########
#    #####
# # #  ###
# $.   ###
### $#$###
###  *.  #
###  #   #
## #   # #
## # @   #
##  .#####
##########
Dead end detection on for solution of level 8_10_2022319_15928
(1,1) (1,2) (1,3) (1,4) (2,1) (2,5) (2,6) (3,1) (5,8) (6,3) (6,8) (7,2) (7,8) (8,2) (8,8) (9,2)
length 7 soln is [(3, 4, 'd'), (4, 4, 'd'), (5, 4, 'd'), (6, 4, 'd'), (7, 4, 'd'), (3, 6, 'd'), (3, 1, 'r')]
Time consumed: 0.011 seconds using fa2 and exploring 21 states
32 moves
uluul uurdd ddduu uuurr dulll uulld dr
########
#.  @ ##
# #$$ ##
#.* .. #
##$#$ ##
#     ##
###$#  #
#..$  ##
#  ## ##
########
Dead end detection on for solution of level 8_9_2022319_152421
(1,5) (3,6) (5,1) (6,6) (8,1) (8,2) (8,5)
length 12 soln is [(3, 3, 'u'), (1, 4, 'l'), (1, 3, 'l'), (3, 3, 'l'), (5, 2, 'u'), (5, 4, 'u'), (7, 4, 'l'), (7, 3, 'l'), (5, 3, 'd'), (7, 4, 'l'), (2, 3, 'r'), (1, 5, 'd')]
Time consumed: 0.075 seconds using fa2 and exploring 182 states
68 moves
rddll udrru ulllr ddlrr rddll ludrr udrdd lllrr ruull durrd dlluu ruruu ulldr urd
##########
######  ##
##     ###
# .##  ###
#   $. # #
#   #    #
# #$$*####
#.  # @ ##
##########
Dead end detection on for solution of level 9_10_2022319_154338
(1,6) (1,7) (2,2) (3,1) (4,8) (5,8) (7,3) (7,5) (7,6) (7,7)
length 15 soln is [(7, 5, 'u'), (6, 5, 'u'), (7, 3, 'u'), (5, 5, 'u'), (4, 5, 'l'), (4, 4, 'l'), (3, 2, 'd'), (6, 3, 'u'), (4, 4, 'l'), (5, 3, 'l'), (5, 2, 'u'), (6, 3, 'r'), (4, 1, 'd'), (5, 1, 'd'), (2, 5, 'd')]
Time consumed: 0.201 seconds using fa2 and exploring 459 states
103 moves
luuru uulll ldddl ddrru dlluu uurur rrdrd dlull rrruu lllld dlddd rruud dlluu uurur rrrdd llldl udrdr luull dduur rrrru uld
##########
###.. # ##
####  *.##
####$#$###
####   .##
###   #  #
#@  #$#  #
### $.  ##
##  # $ ##
###   # ##
######  ##
##########
Dead end detection on for solution of level 9_10_2022319_162331
(1,5) (1,7) (5,3) (5,8) (6,1) (6,8) (8,2) (9,3) (9,4) (9,5) (10,6) (10,7)
length 21 soln is [(4, 4, 'u'), (3, 4, 'u'), (1, 5, 'l'), (2, 5, 'r'), (4, 6, 'u'), (8, 7, 'l'), (7, 5, 'u'), (6, 5, 'u'), (4, 6, 'l'), (5, 4, 'u'), (4, 4, 'u'), (3, 4, 'u'), (9, 5, 'u'), (8, 5, 'u'), (7, 3, 'r'), (7, 4, 'r'), (7, 5, 'r'), (8, 7, 'u'), (7, 7, 'u'), (6, 7, 'u'), (5, 5, 'd')]
Time consumed: 0.334 seconds using fa2 and exploring 663 states
82 moves
rruru uurul drrll ddrru drddd dlulu uddrr uuull dluuu dddld dddrr uuddl luurr rdruu uddll lluur rd
Starting level 10_8_2022319_155042
Starting level 10_8_2022319_163720
Starting level 10_8_2022319_164526
Starting level 10_9_2022319_15150
Starting level 8_10_2022319_153352
Starting level 8_10_2022319_15928
Starting level 8_9_2022319_152421
Starting level 9_10_2022319_154338
Starting level 9_10_2022319_162331
Starting level 9_9_2022319_1650
###########
######.#  #
###### $..#
######.#$##
####.#*$ ##
##  .$@#  #
## # #$#  #
#  $. $ * #
# ##  #   #
###########
Dead end detection on for solution of level 9_9_2022319_1650
(1,8) (1,9) (5,2) (5,9) (6,9) (7,1) (7,9) (8,1) (8,4) (8,5) (8,7) (8,8) (8,9)
length 29 soln is [(5, 6, 'u'), (4, 6, 'u'), (3, 6, 'u'), (2, 6, 'r'), (2, 7, 'r'), (2, 8, 'd'), (3, 8, 'd'), (4, 8, 'd'), (7, 7, 'l'), (7, 6, 'u'), (6, 6, 'u'), (5, 6, 'u'), (7, 6, 'l'), (8, 4, 'u'), (7, 4, 'u'), (6, 4, 'u'), (4, 6, 'r'), (5, 8, 'u'), (4, 8, 'u'), (5, 4, 'r'), (6, 6, 'u'), (7, 2, 'r'), (8, 4, 'u'), (7, 4, 'u'), (7, 9, 'l'), (7, 8, 'l'), (7, 7, 'l'), (7, 6, 'l'), (5, 8, 'd')]
Time consumed: 1.030 seconds using fa2 and exploring 2824 states
109 moves
uuurr dddrd ddllu luuud ddldl uuudd rruuu rlddd rdrru uuluu dlldd dlluu rlddr ruull llddr luurr rrddl dluud rrrdr rulll lrrrr uuld


OVERALL RESULT: 10 levels solved out of 10 (100.0)% using 29.659999999999997 seconds
