##########
######## #
##### ## #
####.  # #
####$# $.#
###    ###
####$$.. #
###  #  ##
#@$  .  ##
####     #
##########
Dead end detection on for solution of level 10_10_2022325_17855
(1,8) (2,5) (3,6) (5,3) (6,8) (7,3) (8,1) (9,4) (9,5) (9,6) (9,7) (9,8)
length 13 soln is [(8, 1, 'r'), (8, 2, 'r'), (8, 3, 'r'), (5, 4, 'u'), (8, 4, 'r'), (9, 6, 'u'), (5, 4, 'd'), (6, 4, 'd'), (8, 3, 'r'), (6, 4, 'r'), (6, 5, 'r'), (8, 6, 'u'), (4, 6, 'r')]
Time consumed: 0.405 seconds using fa2 and exploring 425 states
64 moves
rrrdr ruuuu lludr rdddd llurd ruruu lulld dldru urrll dddrr uuddl luuuu rrur
##########
###  # ###
####.*   #
##  #$$# #
#  .   $+#
# #  #$# #
#   #   .#
###. #$ ##
### ##  ##
###### ###
##########
Dead end detection on for solution of level 10_11_2022325_16543
(1,3) (1,4) (1,6) (2,8) (3,2) (3,3) (4,1) (5,1) (5,4) (6,1) (6,5) (7,4) (8,3) (8,7) (9,6)
length 25 soln is [(2, 6, 'l'), (4, 8, 'l'), (4, 7, 'l'), (4, 6, 'l'), (4, 5, 'u'), (4, 5, 'l'), (3, 3, 'd'), (4, 3, 'd'), (6, 6, 'u'), (4, 7, 'l'), (4, 6, 'l'), (4, 5, 'l'), (5, 3, 'd'), (2, 6, 'd'), (4, 5, 'r'), (4, 6, 'r'), (3, 8, 'd'), (4, 8, 'd'), (8, 6, 'u'), (7, 6, 'u'), (6, 6, 'u'), (5, 6, 'u'), (2, 6, 'd'), (4, 5, 'r'), (4, 6, 'r')]
Time consumed: 5.174 seconds using fa2 and exploring 10471 states
99 moves
uulll rrrdd lllud ldldl luuru rddur rrrrd dllud rruul llldl durur rrruu lldld rrluu rrddd ulldd rddlu uuurr uulld ldrr
###########
#####  ####
#####  ####
##@$  .*. #
# $#$# ## #
#  $ #$## #
# #$.   ###
#. ..##   #
#### ######
###########
Dead end detection on for solution of level 10_9_2022325_153536
(1,5) (1,6) (3,2) (3,9) (4,1) (4,9) (5,9) (6,7) (7,7) (7,8) (7,9) (8,4)
length 21 soln is [(3, 2, 'r'), (3, 3, 'r'), (3, 4, 'd'), (4, 4, 'd'), (5, 4, 'l'), (5, 3, 'l'), (5, 4, 'd'), (6, 6, 'u'), (5, 6, 'u'), (5, 3, 'd'), (3, 2, 'd'), (4, 1, 'd'), (5, 1, 'd'), (5, 1, 'r'), (5, 2, 'r'), (4, 6, 'u'), (3, 6, 'r'), (4, 4, 'd'), (3, 4, 'r'), (3, 5, 'r'), (1, 6, 'd')]
Time consumed: 0.549 seconds using fa2 and exploring 857 states
65 moves
rrddl lrrdr ruudd lluld uruul ldldd urrdr rruuu rlddd lllul uurrd duurr luurd
########
#.  $+##
#.$ #$##
### $..#
#.$ ## #
##$.$..#
#   #$##
# $   ##
#  # ###
########
Dead end detection on for solution of level 11_10_2022325_155031
(6,1) (7,1) (7,5) (8,1) (8,2) (8,4)
length 23 soln is [(1, 5, 'l'), (1, 4, 'l'), (1, 3, 'l'), (2, 3, 'l'), (4, 3, 'l'), (8, 2, 'u'), (3, 3, 'r'), (3, 4, 'r'), (1, 5, 'd'), (6, 1, 'r'), (7, 3, 'u'), (6, 3, 'u'), (5, 3, 'u'), (4, 3, 'u'), (3, 3, 'u'), (5, 3, 'r'), (5, 4, 'r'), (7, 5, 'u'), (4, 2, 'd'), (6, 1, 'r'), (7, 3, 'u'), (1, 2, 'r'), (1, 3, 'r')]
Time consumed: 9.905 seconds using fa2 and exploring 23186 states
93 moves
lllrd lrddl rddll ddrur uuuur rlluu rrdul ldddd ddllu rdruu uuudd drrll ddrru dlluu uldrd dllur drulu uruul urr
###########
#### ######
##  . . ###
##$#$#..###
#..$     ##
# $##  . ##
#@  #$#  ##
##$#      #
##    $####
###    ####
###########
Dead end detection on for solution of level 11_11_2022325_16101
(1,4) (2,2) (2,7) (4,8) (6,1) (6,3) (7,4) (7,9) (8,2) (9,3) (9,4) (9,5) (9,6)
TIMEOUT!
Time limit (300 seconds) exceeded.
##########
#####  ###
## $   ###
## # .   #
#  ##$#$##
##    $..#
##  $## ##
#  #.##+ #
## # #####
##########
Dead end detection on for solution of level 11_11_2022325_16232
(1,5) (1,6) (2,2) (3,4) (3,8) (4,1) (7,1) (7,8) (8,2) (8,4)
length 18 soln is [(5, 7, 'l'), (5, 6, 'l'), (5, 5, 'l'), (5, 4, 'd'), (5, 2, 'r'), (2, 2, 'r'), (2, 3, 'r'), (3, 7, 'd'), (5, 3, 'r'), (4, 7, 'd'), (5, 7, 'd'), (5, 4, 'r'), (5, 5, 'r'), (5, 6, 'r'), (3, 5, 'd'), (5, 4, 'r'), (5, 5, 'r'), (1, 5, 'd')]
Time consumed: 0.057 seconds using fa2 and exploring 142 states
89 moves
uulll dllur luuur rdrrr dulll ulldd drrll uuurr drrrd dduuu lllul ldddr rrrru ulldu lulld ddrrr rluur uuld
###########
##   #   ##
## #  ..###
####  #$  #
##### $.. #
# . $ # ###
##  # $   #
### $.$ # #
#####*#####
##### @####
###### ####
###########
Dead end detection on for solution of level 9_10_2022325_182410
(1,2) (1,3) (1,4) (1,6) (1,7) (1,8) (2,2) (3,4) (3,9) (4,9) (5,1) (6,2) (6,9) (7,3) (7,7) (7,9) (9,5) (9,6) (10,6)
length 18 soln is [(9, 5, 'u'), (8, 5, 'u'), (7, 5, 'u'), (6, 5, 'u'), (5, 5, 'u'), (4, 5, 'u'), (4, 5, 'r'), (4, 6, 'r'), (4, 7, 'u'), (5, 5, 'l'), (5, 4, 'l'), (7, 7, 'l'), (6, 5, 'r'), (7, 7, 'u'), (6, 7, 'u'), (6, 5, 'd'), (7, 3, 'r'), (2, 4, 'r')]
Time consumed: 0.881 seconds using fa2 and exploring 1562 states
60 moves
luuuu uudrr udlld llrru rrddd lruuu llddr druud llduu llddr luurr uulur
##########
###### ###
###### ###
###    ###
# $ #$ ###
# #$ . ###
# *+*$####
# $## ## #
#    .   #
#####.####
#####.####
##########
Dead end detection on for solution of level 9_11_2022325_152132
(1,6) (2,6) (3,3) (3,6) (4,1) (4,6) (5,1) (5,6) (6,1) (7,1) (7,8) (8,1) (8,8)
length 28 soln is [(6, 3, 'u'), (5, 5, 'd'), (6, 5, 'd'), (7, 5, 'd'), (8, 5, 'd'), (6, 3, 'r'), (5, 5, 'd'), (6, 5, 'd'), (7, 5, 'd'), (3, 3, 'd'), (6, 1, 'r'), (6, 2, 'r'), (3, 5, 'd'), (5, 6, 'l'), (6, 3, 'r'), (7, 5, 'u'), (6, 5, 'u'), (4, 3, 'd'), (4, 1, 'r'), (3, 5, 'd'), (4, 5, 'd'), (3, 3, 'd'), (6, 2, 'r'), (8, 2, 'u'), (5, 5, 'd'), (6, 5, 'd'), (4, 3, 'd'), (5, 3, 'r')]
Time consumed: 2.193 seconds using fa2 and exploring 5931 states
176 moves
urrdd dduuu ulldr urddd uuuru ullld urrrd dlddd llllu urrll ddrrr ruuur uuldr dlddd llllu urrrl llddr rrruu uruul llddu urrrd dlddd llllu uuurl ddddr rrruu uruul dduul ldlld drrll ddrul uuurr urrdd dduuu ulldd r
##########
###@######
## *######
###   # ##
##  ##   #
#  .$  # #
#   #$.$ #
##   ... #
#### $#$##
##      ##
##########
Dead end detection on for solution of level 9_11_2022325_164048
(1,3) (2,2) (3,5) (3,7) (4,2) (4,6) (4,8) (5,1) (5,8) (6,1) (6,8) (7,2) (7,8) (9,2) (9,3) (9,4) (9,5) (9,6) (9,7)
length 16 soln is [(1, 3, 'd'), (2, 3, 'd'), (3, 3, 'd'), (9, 7, 'u'), (7, 8, 'l'), (6, 3, 'u'), (5, 3, 'u'), (4, 3, 'u'), (5, 5, 'l'), (7, 5, 'r'), (6, 8, 'l'), (5, 5, 'd'), (5, 4, 'l'), (7, 4, 'r'), (9, 5, 'u'), (5, 1, 'r')]
Time consumed: 0.460 seconds using fa2 and exploring 833 states
119 moves
dddld ddrrd drrru dlllu urruu urrdd dlddl lluul uuuud dddrd drrru uruuu lldll rrurr dddld dlllu urruu urrdd lruul ldldu llddr rlddr ululu llur
Starting level 10_10_2022325_17855
Starting level 10_11_2022325_16543
Starting level 10_9_2022325_153536
Starting level 11_10_2022325_155031
Starting level 11_11_2022325_16101
Starting level 11_11_2022325_16232
Starting level 9_10_2022325_182410
Starting level 9_11_2022325_152132
Starting level 9_11_2022325_164048
Starting level 9_9_2022325_18935
##########
#.     @##
# ##$#$  #
# #..$  ##
# ..$ $###
# # #   ##
#####   ##
#######  #
####### ##
##########
Dead end detection on for solution of level 9_9_2022325_18935
(1,7) (2,8) (3,7) (5,1) (5,3) (5,7) (6,5) (7,8) (8,7)
length 16 soln is [(3, 6, 'l'), (3, 5, 'l'), (4, 5, 'l'), (4, 4, 'l'), (3, 4, 'u'), (1, 5, 'l'), (1, 4, 'l'), (1, 3, 'l'), (5, 6, 'u'), (3, 7, 'l'), (3, 6, 'l'), (2, 4, 'd'), (4, 5, 'l'), (1, 6, 'd'), (3, 7, 'l'), (3, 6, 'l')]
Time consumed: 0.076 seconds using fa2 and exploring 166 states
66 moves
ddlll rdllr uudrr ruull lllrr dddrd rulul uurrr ddllr ruull lddrd luuur rdrdl l


OVERALL RESULT: 9 levels solved out of 10 (90.0)% using 19.699282999999998 seconds
