############
#####  *. ##
###   #$#. #
##   .$@$. #
##.* $ #   #
##.#$$  #  #
#    ##$####
####### ####
#####  .####
############
Dead end detection on for solution of level 10_8_2022319_155042
(1,5) (1,9) (2,3) (2,10) (3,2) (3,10) (4,8) (4,10) (5,7) (5,9) (5,10) (6,1) (6,2) (6,3) (6,4) (8,5)
TIMEOUT!
Time limit (300 seconds) exceeded.
###########
####.$ ####
#### # ####
###.*  ####
#  #$# # ##
#    $.*. #
#   ## # ##
###$   ####
###@# #####
###########
Dead end detection on for solution of level 10_8_2022319_163720
(1,6) (4,1) (4,2) (4,8) (5,1) (5,9) (6,1) (6,8) (7,6) (8,3) (8,5)
length 19 soln is [(8, 3, 'u'), (5, 6, 'l'), (5, 5, 'l'), (5, 4, 'l'), (7, 3, 'u'), (5, 6, 'r'), (4, 2, 'd'), (6, 1, 'r'), (5, 2, 'r'), (5, 3, 'r'), (5, 4, 'r'), (5, 5, 'r'), (7, 3, 'u'), (5, 2, 'r'), (5, 3, 'r'), (3, 5, 'l'), (1, 6, 'l'), (5, 4, 'r'), (5, 4, 'u')]
Time consumed: 1.168 seconds using f and exploring 3087 states
89 moves
urrru ulllr rrddl lludr rruur lddll lullu urdld rurrr rddll lulur rlddr rruuu ullrr uulrd ddddd llluu rrlu
##########
###@$.. ##
###$#.$  #
# .*  #  #
### # $  #
### # $# #
##### .$.#
#######  #
#######  #
##########
Dead end detection on for solution of level 10_8_2022319_164526
(1,3) (1,7) (2,8) (3,1) (5,3) (6,5) (8,7) (8,8)
length 17 soln is [(1, 3, 'r'), (1, 4, 'r'), (6, 6, 'r'), (7, 8, 'u'), (6, 8, 'u'), (5, 8, 'u'), (3, 4, 'l'), (1, 3, 'd'), (2, 8, 'd'), (3, 8, 'd'), (4, 8, 'd'), (4, 7, 'l'), (4, 6, 'd'), (5, 5, 'u'), (4, 5, 'u'), (3, 5, 'u'), (2, 7, 'l')]
Time consumed: 11.416 seconds using f and exploring 38429 states
66 moves
rrddd ddrrd ruuud dlllu uullr ruull durrd ddddr rruul uurdd dulld luuud drruu l
#########
#  ###  #
## #### #
#      .#
## $#$# #
##  $.. #
#@$ #* ##
###  .  #
####    #
####### #
#########
Dead end detection on for solution of level 10_9_2022319_15150
(1,1) (1,2) (1,6) (1,7) (3,1) (5,7) (6,1) (7,3) (7,7) (8,4) (8,7) (9,7)
length 14 soln is [(6, 1, 'r'), (5, 5, 'd'), (5, 3, 'r'), (5, 4, 'r'), (7, 3, 'u'), (3, 5, 'd'), (4, 5, 'd'), (5, 2, 'r'), (5, 3, 'r'), (5, 3, 'u'), (3, 2, 'r'), (3, 3, 'r'), (3, 4, 'r'), (3, 5, 'r')]
Time consumed: 27.757 seconds using f and exploring 63850 states
64 moves
ruuur rrrrd dlldu rruul lllld drrrd rddll ululu uurrr dduul llddr rlulu rrrr
########
#.# ####
# # ####
# # ####
# # ####
#   ####
#.   $@#
# #$$###
#  .  ##
## .$  #
##  # ##
########
Dead end detection on for solution of level 8_10_2022319_153352
(1,3) (6,6) (8,1) (8,5) (9,6) (10,2) (10,3) (10,5)
length 17 soln is [(6, 6, 'l'), (6, 5, 'l'), (6, 4, 'l'), (9, 5, 'l'), (6, 4, 'd'), (7, 4, 'd'), (6, 3, 'l'), (8, 3, 'u'), (6, 4, 'l'), (10, 3, 'u'), (7, 1, 'u'), (6, 1, 'u'), (9, 5, 'l'), (6, 3, 'l'), (5, 1, 'u'), (4, 1, 'u'), (3, 1, 'u')]
Time consumed: 7.963 seconds using f and exploring 21467 states
73 moves
lllul ldddr rrrdl ulllu uurrd rdduu llrrd dluru lddld drulu luuur rddrd rdluu ullul uuu
##########
#    #####
# # #  ###
# $.   ###
### $#$###
###  *.  #
###  #   #
## #   # #
## # @   #
##  .#####
##########
Dead end detection on for solution of level 8_10_2022319_15928
(1,1) (1,2) (1,3) (1,4) (2,1) (2,5) (2,6) (3,1) (5,8) (6,3) (6,8) (7,2) (7,8) (8,2) (8,8) (9,2)
length 7 soln is [(3, 4, 'd'), (4, 4, 'd'), (5, 4, 'd'), (6, 4, 'd'), (7, 4, 'd'), (3, 6, 'd'), (3, 1, 'r')]
Time consumed: 0.546 seconds using f and exploring 1427 states
32 moves
uluul uurdd ddduu uuurr dulll uulld dr
########
#.  @ ##
# #$$ ##
#.* .. #
##$#$ ##
#     ##
###$#  #
#..$  ##
#  ## ##
########
Dead end detection on for solution of level 8_9_2022319_152421
(1,5) (3,6) (5,1) (6,6) (8,1) (8,2) (8,5)
length 12 soln is [(7, 4, 'l'), (7, 3, 'l'), (5, 3, 'd'), (7, 4, 'l'), (3, 3, 'l'), (3, 3, 'u'), (5, 4, 'u'), (5, 2, 'u'), (1, 4, 'l'), (3, 3, 'r'), (1, 4, 'd'), (1, 3, 'l')]
Time consumed: 30.074 seconds using f and exploring 86098 states
68 moves
rdddd ddlll rrruu lldur rddll uurru ulllr udrrd dludl ludrr uruuu llddr luurd ull
##########
######  ##
##     ###
# .##  ###
#   $. # #
#   #    #
# #$$*####
#.  # @ ##
##########
Dead end detection on for solution of level 9_10_2022319_154338
(1,6) (1,7) (2,2) (3,1) (4,8) (5,8) (7,3) (7,5) (7,6) (7,7)
length 15 soln is [(7, 5, 'u'), (6, 5, 'u'), (7, 3, 'u'), (6, 3, 'r'), (5, 5, 'u'), (4, 5, 'l'), (4, 4, 'l'), (4, 3, 'l'), (6, 3, 'u'), (3, 1, 'd'), (4, 1, 'd'), (5, 1, 'd'), (4, 4, 'l'), (5, 2, 'u'), (2, 5, 'd')]
Time consumed: 4.006 seconds using f and exploring 11049 states
83 moves
luuru uulll ldddl ddrru rldll uuuur urrrd rddlu llldl ddrru uluul ddduu ururr rrddl lldlu rrrru uld
##########
###.. # ##
####  *.##
####$#$###
####   .##
###   #  #
#@  #$#  #
### $.  ##
##  # $ ##
###   # ##
######  ##
##########
Dead end detection on for solution of level 9_10_2022319_162331
(1,5) (1,7) (5,3) (5,8) (6,1) (6,8) (8,2) (9,3) (9,4) (9,5) (10,6) (10,7)
length 19 soln is [(8, 7, 'l'), (7, 5, 'u'), (6, 5, 'u'), (4, 4, 'u'), (3, 4, 'u'), (2, 5, 'r'), (1, 5, 'l'), (4, 6, 'l'), (7, 3, 'r'), (7, 4, 'r'), (7, 5, 'r'), (9, 5, 'u'), (8, 7, 'u'), (7, 7, 'u'), (6, 7, 'u'), (5, 4, 'u'), (4, 6, 'u'), (4, 4, 'u'), (3, 4, 'u')]
Time consumed: 32.688 seconds using f and exploring 75918 states
83 moves
rruru rrrdd ddlul uuluu urrlu ldddd rddrr uuull dlldd rrrll lddrr urruu udddl ldllu uuuru rrudl luu
Starting level 10_8_2022319_155042
Starting level 10_8_2022319_163720
Starting level 10_8_2022319_164526
Starting level 10_9_2022319_15150
Starting level 8_10_2022319_153352
Starting level 8_10_2022319_15928
Starting level 8_9_2022319_152421
Starting level 9_10_2022319_154338
Starting level 9_10_2022319_162331
Starting level 9_9_2022319_1650
###########
######.#  #
###### $..#
######.#$##
####.#*$ ##
##  .$@#  #
## # #$#  #
#  $. $ * #
# ##  #   #
###########
Dead end detection on for solution of level 9_9_2022319_1650
(1,8) (1,9) (5,2) (5,9) (6,9) (7,1) (7,9) (8,1) (8,4) (8,5) (8,7) (8,8) (8,9)
length 29 soln is [(5, 6, 'u'), (4, 6, 'u'), (3, 6, 'u'), (2, 6, 'r'), (2, 7, 'r'), (2, 8, 'd'), (3, 8, 'd'), (4, 8, 'd'), (7, 7, 'l'), (7, 6, 'l'), (8, 4, 'u'), (7, 6, 'u'), (7, 4, 'u'), (6, 6, 'u'), (6, 4, 'u'), (5, 6, 'u'), (4, 6, 'r'), (5, 4, 'r'), (6, 6, 'u'), (7, 2, 'r'), (8, 4, 'u'), (7, 4, 'u'), (7, 9, 'l'), (7, 8, 'l'), (7, 7, 'l'), (7, 6, 'l'), (5, 8, 'd'), (5, 8, 'u'), (4, 8, 'u')]
Time consumed: 34.618 seconds using f and exploring 106810 states
106 moves
uuurr dddrd ddllu lldlu rrudl ludrr uuddl luudd rruuu rlddd lluur lddrr uulll lddrl uurrr rddld luudr rrdrr ullll rrrru ulduu u


OVERALL RESULT: 9 levels solved out of 10 (90.0)% using 150.236042 seconds
