############
#####  *. ##
###   #$#. #
##   .$@$. #
##.* $ #   #
##.#$$  #  #
#    ##$####
####### ####
#####  .####
############
Dead end detection on for solution of level 10_8_2022319_155042
(1,5) (1,9) (2,3) (2,10) (3,2) (3,10) (4,8) (4,10) (5,7) (5,9) (5,10) (6,1) (6,2) (6,3) (6,4) (8,5)
length 26 soln is [(3, 7, 'l'), (5, 7, 'd'), (6, 7, 'd'), (3, 7, 'r'), (3, 6, 'l'), (6, 4, 'u'), (4, 9, 'u'), (3, 3, 'r'), (3, 4, 'r'), (5, 4, 'u'), (3, 5, 'r'), (5, 6, 'l'), (6, 4, 'u'), (3, 5, 'l'), (5, 4, 'u'), (4, 4, 'l'), (2, 3, 'd'), (3, 2, 'd'), (3, 5, 'l'), (5, 5, 'u'), (4, 4, 'l'), (3, 6, 'r'), (3, 7, 'r'), (2, 3, 'd'), (1, 6, 'r'), (3, 7, 'u')]
Time consumed: 257.838 seconds using fa and exploring 565394 states
167 moves
lddrd duulu urrll lulld ldddr rudll uuuru rrdrr rdrul lllul ldrrl llddd rruud dlluu ururr drddl ruulu lldld ddrru rruul lrrdd llulr drruu lulld lduru rrdld drull rrrur rlldl luuld urrur rlldl ddrru ru
###########
####.$ ####
#### # ####
###.*  ####
#  #$# # ##
#    $.*. #
#   ## # ##
###$   ####
###@# #####
###########
Dead end detection on for solution of level 10_8_2022319_163720
(1,6) (4,1) (4,2) (4,8) (5,1) (5,9) (6,1) (6,8) (7,6) (8,3) (8,5)
length 19 soln is [(8, 3, 'u'), (1, 6, 'l'), (5, 6, 'l'), (5, 5, 'l'), (5, 4, 'l'), (7, 3, 'u'), (5, 6, 'r'), (4, 2, 'd'), (6, 1, 'r'), (5, 2, 'r'), (5, 3, 'r'), (5, 4, 'r'), (5, 5, 'r'), (7, 3, 'u'), (5, 2, 'r'), (5, 3, 'r'), (3, 5, 'l'), (5, 4, 'u'), (5, 4, 'r')]
Time consumed: 0.348 seconds using fa and exploring 1088 states
93 moves
urrru uuuuu lrddd dlllr rrddl lludr rruur lddll lullu urdld rurrr rddll lulur rlddr rruuu ullrr ddddl lluur udr
##########
###@$.. ##
###$#.$  #
# .*  #  #
### # $  #
### # $# #
##### .$.#
#######  #
#######  #
##########
Dead end detection on for solution of level 10_8_2022319_164526
(1,3) (1,7) (2,8) (3,1) (5,3) (6,5) (8,7) (8,8)
length 17 soln is [(1, 3, 'r'), (1, 4, 'r'), (6, 6, 'r'), (7, 8, 'u'), (6, 8, 'u'), (5, 8, 'u'), (3, 4, 'l'), (1, 3, 'd'), (2, 8, 'd'), (3, 8, 'd'), (4, 8, 'd'), (4, 7, 'l'), (4, 6, 'd'), (5, 5, 'u'), (4, 5, 'u'), (3, 5, 'u'), (2, 7, 'l')]
Time consumed: 1.657 seconds using fa and exploring 4773 states
66 moves
rrddd ddrrd ruuud dlllu uullr ruull durrd ddddr rruul uurdd dulld luuud drruu l
#########
#  ###  #
## #### #
#      .#
## $#$# #
##  $.. #
#@$ #* ##
###  .  #
####    #
####### #
#########
Dead end detection on for solution of level 10_9_2022319_15150
(1,1) (1,2) (1,6) (1,7) (3,1) (5,7) (6,1) (7,3) (7,7) (8,4) (8,7) (9,7)
length 14 soln is [(6, 1, 'r'), (5, 5, 'd'), (5, 3, 'r'), (5, 4, 'r'), (7, 3, 'u'), (3, 5, 'd'), (4, 5, 'd'), (5, 2, 'r'), (5, 3, 'r'), (5, 3, 'u'), (3, 2, 'r'), (3, 3, 'r'), (3, 4, 'r'), (3, 5, 'r')]
Time consumed: 0.402 seconds using fa and exploring 957 states
64 moves
ruuur rrrrd dlldu rruul lllld drrrd rddll ululu uurrr dduul llddr rlulu rrrr
########
#.# ####
# # ####
# # ####
# # ####
#   ####
#.   $@#
# #$$###
#  .  ##
## .$  #
##  # ##
########
Dead end detection on for solution of level 8_10_2022319_153352
(1,3) (6,6) (8,1) (8,5) (9,6) (10,2) (10,3) (10,5)
length 17 soln is [(6, 6, 'l'), (6, 5, 'l'), (6, 4, 'l'), (9, 5, 'l'), (6, 3, 'l'), (6, 4, 'd'), (7, 4, 'd'), (8, 3, 'u'), (6, 4, 'l'), (10, 3, 'u'), (7, 1, 'u'), (6, 1, 'u'), (5, 1, 'u'), (4, 1, 'u'), (3, 1, 'u'), (6, 3, 'l'), (9, 5, 'l')]
Time consumed: 0.729 seconds using fa and exploring 1921 states
65 moves
lllul ldddr rrrdl ulllu uurrd lrrdd lurul ddldd rulul uuuuu udddr rdlrd rdrdl
##########
#    #####
# # #  ###
# $.   ###
### $#$###
###  *.  #
###  #   #
## #   # #
## # @   #
##  .#####
##########
Dead end detection on for solution of level 8_10_2022319_15928
(1,1) (1,2) (1,3) (1,4) (2,1) (2,5) (2,6) (3,1) (5,8) (6,3) (6,8) (7,2) (7,8) (8,2) (8,8) (9,2)
length 7 soln is [(3, 4, 'd'), (4, 4, 'd'), (5, 4, 'd'), (6, 4, 'd'), (7, 4, 'd'), (3, 6, 'd'), (3, 1, 'r')]
Time consumed: 0.013 seconds using fa and exploring 28 states
32 moves
uluul uurdd ddduu uuurr dulll uulld dr
########
#.  @ ##
# #$$ ##
#.* .. #
##$#$ ##
#     ##
###$#  #
#..$  ##
#  ## ##
########
Dead end detection on for solution of level 8_9_2022319_152421
(1,5) (3,6) (5,1) (6,6) (8,1) (8,2) (8,5)
length 12 soln is [(7, 4, 'l'), (3, 3, 'u'), (1, 4, 'l'), (1, 3, 'l'), (5, 4, 'u'), (7, 3, 'l'), (5, 3, 'd'), (7, 4, 'l'), (3, 3, 'l'), (5, 2, 'u'), (2, 3, 'r'), (1, 5, 'd')]
Time consumed: 1.122 seconds using fa and exploring 2582 states
98 moves
rdddd ddllr ruuuu lludr ruull lrddr rddlu drddl llrrr uulld urrdd lluur uruuu llddl ruurr ddddl lludr ruruu ulldr urd
##########
######  ##
##     ###
# .##  ###
#   $. # #
#   #    #
# #$$*####
#.  # @ ##
##########
Dead end detection on for solution of level 9_10_2022319_154338
(1,6) (1,7) (2,2) (3,1) (4,8) (5,8) (7,3) (7,5) (7,6) (7,7)
length 15 soln is [(7, 5, 'u'), (6, 5, 'u'), (7, 3, 'u'), (6, 3, 'r'), (5, 5, 'u'), (4, 5, 'l'), (4, 4, 'l'), (6, 3, 'u'), (3, 2, 'd'), (4, 4, 'l'), (5, 3, 'l'), (5, 2, 'u'), (4, 1, 'd'), (5, 1, 'd'), (2, 5, 'd')]
Time consumed: 0.294 seconds using fa and exploring 715 states
95 moves
luuru uulll ldddl ddrru rldll uuuur urrrd rddlu llrrr uulll ldldd ddrru ulluu rduur rrrdd llldl ulddu urrrr ruuld
##########
###.. # ##
####  *.##
####$#$###
####   .##
###   #  #
#@  #$#  #
### $.  ##
##  # $ ##
###   # ##
######  ##
##########
Dead end detection on for solution of level 9_10_2022319_162331
(1,5) (1,7) (5,3) (5,8) (6,1) (6,8) (8,2) (9,3) (9,4) (9,5) (10,6) (10,7)
length 19 soln is [(4, 4, 'u'), (3, 4, 'u'), (8, 7, 'l'), (7, 5, 'u'), (6, 5, 'u'), (9, 5, 'u'), (8, 5, 'u'), (7, 5, 'u'), (1, 5, 'l'), (4, 6, 'l'), (5, 4, 'u'), (4, 4, 'u'), (3, 4, 'u'), (6, 5, 'u'), (7, 3, 'r'), (4, 4, 'r'), (4, 5, 'r'), (2, 5, 'r'), (4, 6, 'u')]
Time consumed: 13.535 seconds using fa and exploring 28541 states
124 moves
rruru uuddr rrddd dlulu ulldd ddrru uuddd lluuu uruuu ruldd ddldd ddrru urruu ullrr ddddl ldllu uuuru uuddr rrddd lluul lddrl uurur rlluu rrlld drru
Starting level 10_8_2022319_155042
Starting level 10_8_2022319_163720
Starting level 10_8_2022319_164526
Starting level 10_9_2022319_15150
Starting level 8_10_2022319_153352
Starting level 8_10_2022319_15928
Starting level 8_9_2022319_152421
Starting level 9_10_2022319_154338
Starting level 9_10_2022319_162331
Starting level 9_9_2022319_1650
###########
######.#  #
###### $..#
######.#$##
####.#*$ ##
##  .$@#  #
## # #$#  #
#  $. $ * #
# ##  #   #
###########
Dead end detection on for solution of level 9_9_2022319_1650
(1,8) (1,9) (5,2) (5,9) (6,9) (7,1) (7,9) (8,1) (8,4) (8,5) (8,7) (8,8) (8,9)
length 29 soln is [(5, 6, 'u'), (4, 6, 'u'), (3, 6, 'u'), (2, 6, 'r'), (2, 7, 'r'), (2, 8, 'd'), (3, 8, 'd'), (4, 8, 'd'), (7, 7, 'l'), (7, 6, 'l'), (7, 6, 'u'), (6, 6, 'u'), (8, 4, 'u'), (7, 4, 'u'), (6, 4, 'u'), (5, 6, 'u'), (4, 6, 'r'), (5, 4, 'r'), (6, 6, 'u'), (7, 2, 'r'), (8, 4, 'u'), (7, 4, 'u'), (7, 9, 'l'), (5, 8, 'u'), (4, 8, 'u'), (7, 8, 'l'), (7, 7, 'l'), (7, 6, 'l'), (5, 8, 'd')]
Time consumed: 16.087 seconds using fa and exploring 41210 states
105 moves
uuurr dddrd ddllu llruu ddldl uuudd rruuu rlddd lluur lddrr uulll lddrl uurrr rddld luudr rrdrr ulruu luudd rddll llrrr ruuld


OVERALL RESULT: 10 levels solved out of 10 (100.0)% using 292.025643 seconds
